# JRE version: OpenJDK Runtime Environment (8.0_202-b03) (build 1.8.0_202-release-1483-b03)
# Java VM: OpenJDK 64-Bit Server VM (25.202-b03 mixed mode windows-amd64 compressed oops)
Heap:
 PSYoungGen      total 145920K, used 61228K [0x00000000eab00000, 0x00000000f4680000, 0x0000000100000000)
  eden space 135680K, 45% used [0x00000000eab00000,0x00000000ee6cb230,0x00000000f2f80000)
  from space 10240K, 0% used [0x00000000f3c80000,0x00000000f3c80000,0x00000000f4680000)
  to   space 11776K, 0% used [0x00000000f2f80000,0x00000000f2f80000,0x00000000f3b00000)
 ParOldGen       total 93184K, used 30801K [0x00000000c0000000, 0x00000000c5b00000, 0x00000000eab00000)
  object space 93184K, 33% used [0x00000000c0000000,0x00000000c1e14470,0x00000000c5b00000)
 Metaspace       used 61358K, capacity 62959K, committed 63064K, reserved 1103872K
  class space    used 8100K, capacity 8511K, committed 8576K, reserved 1048576K
GC Heap History (10 events):
Event: 49.713 GC heap before
{Heap before GC invocations=15 (full 2):
 PSYoungGen      total 75776K, used 67584K [0x00000000eab00000, 0x00000000efd80000, 0x0000000100000000)
  eden space 67584K, 100% used [0x00000000eab00000,0x00000000eed00000,0x00000000eed00000)
  from space 8192K, 0% used [0x00000000ef500000,0x00000000ef500000,0x00000000efd00000)
  to   space 8192K, 0% used [0x00000000eed00000,0x00000000eed00000,0x00000000ef500000)
 ParOldGen       total 61952K, used 15686K [0x00000000c0000000, 0x00000000c3c80000, 0x00000000eab00000)
  object space 61952K, 25% used [0x00000000c0000000,0x00000000c0f51ad0,0x00000000c3c80000)
 Metaspace       used 42381K, capacity 43262K, committed 43608K, reserved 1087488K
  class space    used 5733K, capacity 5969K, committed 6016K, reserved 1048576K
Event: 49.723 GC heap after
Heap after GC invocations=15 (full 2):
 PSYoungGen      total 75776K, used 8164K [0x00000000eab00000, 0x00000000f1e00000, 0x0000000100000000)
  eden space 67584K, 0% used [0x00000000eab00000,0x00000000eab00000,0x00000000eed00000)
  from space 8192K, 99% used [0x00000000eed00000,0x00000000ef4f92b8,0x00000000ef500000)
  to   space 9728K, 0% used [0x00000000f1480000,0x00000000f1480000,0x00000000f1e00000)
 ParOldGen       total 61952K, used 17150K [0x00000000c0000000, 0x00000000c3c80000, 0x00000000eab00000)
  object space 61952K, 27% used [0x00000000c0000000,0x00000000c10bfa18,0x00000000c3c80000)
 Metaspace       used 42381K, capacity 43262K, committed 43608K, reserved 1087488K
  class space    used 5733K, capacity 5969K, committed 6016K, reserved 1048576K
}
Event: 52.808 GC heap before
{Heap before GC invocations=16 (full 2):
 PSYoungGen      total 75776K, used 75748K [0x00000000eab00000, 0x00000000f1e00000, 0x0000000100000000)
  eden space 67584K, 100% used [0x00000000eab00000,0x00000000eed00000,0x00000000eed00000)
  from space 8192K, 99% used [0x00000000eed00000,0x00000000ef4f92b8,0x00000000ef500000)
  to   space 9728K, 0% used [0x00000000f1480000,0x00000000f1480000,0x00000000f1e00000)
 ParOldGen       total 61952K, used 17150K [0x00000000c0000000, 0x00000000c3c80000, 0x00000000eab00000)
  object space 61952K, 27% used [0x00000000c0000000,0x00000000c10bfa18,0x00000000c3c80000)
 Metaspace       used 47941K, capacity 49092K, committed 49368K, reserved 1091584K
  class space    used 6463K, capacity 6789K, committed 6912K, reserved 1048576K
Event: 52.820 GC heap after
Heap after GC invocations=16 (full 2):
 PSYoungGen      total 106496K, used 8346K [0x00000000eab00000, 0x00000000f1e80000, 0x0000000100000000)
  eden space 96768K, 0% used [0x00000000eab00000,0x00000000eab00000,0x00000000f0980000)
  from space 9728K, 85% used [0x00000000f1480000,0x00000000f1ca6a50,0x00000000f1e00000)
  to   space 10752K, 0% used [0x00000000f0980000,0x00000000f0980000,0x00000000f1400000)
 ParOldGen       total 61952K, used 21550K [0x00000000c0000000, 0x00000000c3c80000, 0x00000000eab00000)
  object space 61952K, 34% used [0x00000000c0000000,0x00000000c150ba40,0x00000000c3c80000)
 Metaspace       used 47941K, capacity 49092K, committed 49368K, reserved 1091584K
  class space    used 6463K, capacity 6789K, committed 6912K, reserved 1048576K
}
Event: 56.982 GC heap before
{Heap before GC invocations=17 (full 2):
 PSYoungGen      total 106496K, used 105114K [0x00000000eab00000, 0x00000000f1e80000, 0x0000000100000000)
  eden space 96768K, 100% used [0x00000000eab00000,0x00000000f0980000,0x00000000f0980000)
  from space 9728K, 85% used [0x00000000f1480000,0x00000000f1ca6a50,0x00000000f1e00000)
  to   space 10752K, 0% used [0x00000000f0980000,0x00000000f0980000,0x00000000f1400000)
 ParOldGen       total 61952K, used 21550K [0x00000000c0000000, 0x00000000c3c80000, 0x00000000eab00000)
  object space 61952K, 34% used [0x00000000c0000000,0x00000000c150ba40,0x00000000c3c80000)
 Metaspace       used 55613K, capacity 57102K, committed 57432K, reserved 1099776K
  class space    used 7553K, capacity 7938K, committed 8064K, reserved 1048576K
Event: 57.006 GC heap after
Heap after GC invocations=17 (full 2):
 PSYoungGen      total 107520K, used 10474K [0x00000000eab00000, 0x00000000f4800000, 0x0000000100000000)
  eden space 96768K, 0% used [0x00000000eab00000,0x00000000eab00000,0x00000000f0980000)
  from space 10752K, 97% used [0x00000000f0980000,0x00000000f13babe0,0x00000000f1400000)
  to   space 11776K, 0% used [0x00000000f3c80000,0x00000000f3c80000,0x00000000f4800000)
 ParOldGen       total 61952K, used 25696K [0x00000000c0000000, 0x00000000c3c80000, 0x00000000eab00000)
  object space 61952K, 41% used [0x00000000c0000000,0x00000000c19182b0,0x00000000c3c80000)
 Metaspace       used 55613K, capacity 57102K, committed 57432K, reserved 1099776K
  class space    used 7553K, capacity 7938K, committed 8064K, reserved 1048576K
}
Event: 59.939 GC heap before
{Heap before GC invocations=18 (full 2):
 PSYoungGen      total 107520K, used 54145K [0x00000000eab00000, 0x00000000f4800000, 0x0000000100000000)
  eden space 96768K, 45% used [0x00000000eab00000,0x00000000ed5a5b48,0x00000000f0980000)
  from space 10752K, 97% used [0x00000000f0980000,0x00000000f13babe0,0x00000000f1400000)
  to   space 11776K, 0% used [0x00000000f3c80000,0x00000000f3c80000,0x00000000f4800000)
 ParOldGen       total 61952K, used 25696K [0x00000000c0000000, 0x00000000c3c80000, 0x00000000eab00000)
  object space 61952K, 41% used [0x00000000c0000000,0x00000000c19182b0,0x00000000c3c80000)
 Metaspace       used 57396K, capacity 59027K, committed 59028K, reserved 1099776K
  class space    used 7784K, capacity 8192K, committed 8192K, reserved 1048576K
Event: 59.952 GC heap after
Heap after GC invocations=18 (full 2):
 PSYoungGen      total 145920K, used 3626K [0x00000000eab00000, 0x00000000f4680000, 0x0000000100000000)
  eden space 135680K, 0% used [0x00000000eab00000,0x00000000eab00000,0x00000000f2f80000)
  from space 10240K, 35% used [0x00000000f3c80000,0x00000000f400aa28,0x00000000f4680000)
  to   space 11776K, 0% used [0x00000000f2f80000,0x00000000f2f80000,0x00000000f3b00000)
 ParOldGen       total 61952K, used 29757K [0x00000000c0000000, 0x00000000c3c80000, 0x00000000eab00000)
  object space 61952K, 48% used [0x00000000c0000000,0x00000000c1d0f7c0,0x00000000c3c80000)
 Metaspace       used 57396K, capacity 59027K, committed 59028K, reserved 1099776K
  class space    used 7784K, capacity 8192K, committed 8192K, reserved 1048576K
}
Event: 59.952 GC heap before
{Heap before GC invocations=19 (full 3):
 PSYoungGen      total 145920K, used 3626K [0x00000000eab00000, 0x00000000f4680000, 0x0000000100000000)
  eden space 135680K, 0% used [0x00000000eab00000,0x00000000eab00000,0x00000000f2f80000)
  from space 10240K, 35% used [0x00000000f3c80000,0x00000000f400aa28,0x00000000f4680000)
  to   space 11776K, 0% used [0x00000000f2f80000,0x00000000f2f80000,0x00000000f3b00000)
 ParOldGen       total 61952K, used 29757K [0x00000000c0000000, 0x00000000c3c80000, 0x00000000eab00000)
  object space 61952K, 48% used [0x00000000c0000000,0x00000000c1d0f7c0,0x00000000c3c80000)
 Metaspace       used 57396K, capacity 59027K, committed 59028K, reserved 1099776K
  class space    used 7784K, capacity 8192K, committed 8192K, reserved 1048576K
Event: 60.258 GC heap after
Heap after GC invocations=19 (full 3):
 PSYoungGen      total 145920K, used 0K [0x00000000eab00000, 0x00000000f4680000, 0x0000000100000000)
  eden space 135680K, 0% used [0x00000000eab00000,0x00000000eab00000,0x00000000f2f80000)
  from space 10240K, 0% used [0x00000000f3c80000,0x00000000f3c80000,0x00000000f4680000)
  to   space 11776K, 0% used [0x00000000f2f80000,0x00000000f2f80000,0x00000000f3b00000)
 ParOldGen       total 93184K, used 30801K [0x00000000c0000000, 0x00000000c5b00000, 0x00000000eab00000)
  object space 93184K, 33% used [0x00000000c0000000,0x00000000c1e14470,0x00000000c5b00000)
 Metaspace       used 57360K, capacity 58925K, committed 59028K, reserved 1099776K
  class space    used 7772K, capacity 8171K, committed 8192K, reserved 1048576K
}

